#
# A fatal error has been detected by the Java Runtime Environment:
#
#  SIGSEGV (0xb) at pc=0x00000001275b53e5, pid=4839, tid=9987
#
# JRE version: OpenJDK Runtime Environment Temurin-17.0.4.1+1 (17.0.4.1+1) (build 17.0.4.1+1)
# Java VM: OpenJDK 64-Bit Server VM Temurin-17.0.4.1+1 (17.0.4.1+1, mixed mode, tiered, compressed oops, compressed class ptrs, g1 gc, bsd-amd64)
# Problematic frame:
# C  [libjniFastTextWrapper.dylib+0x203e5]  FastTextWrapper::FastTextApi::getVector(std::__1::basic_string<char, std::__1::char_traits<char>, std::__1::allocator<char> > const&)+0x25
#
# No core dump will be written. Core dumps have been disabled. To enable core dumping, try "ulimit -c unlimited" before starting Java again
#
# If you would like to submit a bug report, please visit:
#   https://github.com/adoptium/adoptium-support/issues
# The crash happened outside the Java Virtual Machine in native code.
# See problematic frame for where to report the bug.
#

---------------  S U M M A R Y ------------

Command Line: -Dfile.encoding=UTF-8 -XX:+ShowCodeDetailsInExceptionMessages edu.ustb.sei.mde.compare.test.TestFastText

Host: "Mac14,2" x86_64 (EMULATED) 2400 MHz, 8 cores, 8G, Darwin 22.1.0, macOS 10.16 (22A400)
Time: Sat Mar  4 22:08:37 2023 CST elapsed time: 5.414461 seconds (0d 0h 0m 5s)

---------------  T H R E A D  ---------------

Current thread (0x00007ff322812400):  JavaThread "main" [_thread_in_native, id=9987, stack(0x0000000304b97000,0x0000000304c97000)]

Stack: [0x0000000304b97000,0x0000000304c97000],  sp=0x0000000304c96800,  free space=1022k
Native frames: (J=compiled Java code, j=interpreted, Vv=VM code, C=native code)
C  [libjniFastTextWrapper.dylib+0x203e5]  FastTextWrapper::FastTextApi::getVector(std::__1::basic_string<char, std::__1::char_traits<char>, std::__1::allocator<char> > const&)+0x25
C  [libjniFastTextWrapper.dylib+0x26eef]  Java_com_github_jfasttext_FastTextWrapper_00024FastTextApi_getVector__Ljava_lang_String_2+0xff
j  com.github.jfasttext.FastTextWrapper$FastTextApi.getVector(Ljava/lang/String;)Lcom/github/jfasttext/FastTextWrapper$RealVector;+0
j  com.github.jfasttext.JFastText.getVector(Ljava/lang/String;)Ljava/util/List;+5
j  org.deeplearning4j.models.fasttext.FastText.getWordVector(Ljava/lang/String;)[D+21
j  edu.ustb.sei.mde.compare.test.TestFastText.train()V+104
j  edu.ustb.sei.mde.compare.test.TestFastText.main([Ljava/lang/String;)V+0
v  ~StubRoutines::call_stub
V  [libjvm.dylib+0x51bc86]  JavaCalls::call_helper(JavaValue*, methodHandle const&, JavaCallArguments*, JavaThread*)+0x2b6
V  [libjvm.dylib+0x57f048]  jni_invoke_static(JNIEnv_*, JavaValue*, _jobject*, JNICallType, _jmethodID*, JNI_ArgumentPusher*, JavaThread*)+0x158
V  [libjvm.dylib+0x582598]  jni_CallStaticVoidMethod+0x198
C  [libjli.dylib+0x4fcd]  JavaMain+0xc1d
C  [libjli.dylib+0x7699]  ThreadJavaMain+0x9
C  [libsystem_pthread.dylib+0x6259]  _pthread_start+0x7d
C  [libsystem_pthread.dylib+0x1c7b]  thread_start+0xf

Java frames: (J=compiled Java code, j=interpreted, Vv=VM code)
j  com.github.jfasttext.FastTextWrapper$FastTextApi.getVector(Ljava/lang/String;)Lcom/github/jfasttext/FastTextWrapper$RealVector;+0
j  com.github.jfasttext.JFastText.getVector(Ljava/lang/String;)Ljava/util/List;+5
j  org.deeplearning4j.models.fasttext.FastText.getWordVector(Ljava/lang/String;)[D+21
j  edu.ustb.sei.mde.compare.test.TestFastText.train()V+104
j  edu.ustb.sei.mde.compare.test.TestFastText.main([Ljava/lang/String;)V+0
v  ~StubRoutines::call_stub

siginfo: si_signo: 11 (SIGSEGV), si_code: 1 (SEGV_MAPERR), si_addr: 0x000000000000003c

Register to memory mapping:

RAX=0x0 is NULL
RBX=0x0000000304c96870 is pointing into the stack for thread: 0x00007ff322812400
RCX=0x0000000108a2d000 points into unknown readable memory: 0x0000000000000000 | 00 00 00 00 00 00 00 00
RDX=0x0000000304c96870 is pointing into the stack for thread: 0x00007ff322812400
RSP=0x0000000304c96800 is pointing into the stack for thread: 0x00007ff322812400
RBP=0x0000000304c96840 is pointing into the stack for thread: 0x00007ff322812400
RSI=0x0000600002678780 points into unknown readable memory: 0x0000000000000000 | 00 00 00 00 00 00 00 00
RDI=0x0000600001724120 points into unknown readable memory: 0x0000000000000000 | 00 00 00 00 00 00 00 00
R8 =0x0000000000000004 is an unknown value
R9 =0x000060000157095c points into unknown readable memory: 09 c0 2f c0
R10=0x0000000000000020 is an unknown value
R11=0x0000600001724120 points into unknown readable memory: 0x0000000000000000 | 00 00 00 00 00 00 00 00
R12=0x0000600002678780 points into unknown readable memory: 0x0000000000000000 | 00 00 00 00 00 00 00 00
R13=0x00007ff3228126a8 points into unknown readable memory: 0x000000010a8e5e48 | 48 5e 8e 0a 01 00 00 00
R14=0x0000000304c96870 is pointing into the stack for thread: 0x00007ff322812400
R15=0x0000600001724120 points into unknown readable memory: 0x0000000000000000 | 00 00 00 00 00 00 00 00


Registers:
RAX=0x0000000000000000, RBX=0x0000000304c96870, RCX=0x0000000108a2d000, RDX=0x0000000304c96870
RSP=0x0000000304c96800, RBP=0x0000000304c96840, RSI=0x0000600002678780, RDI=0x0000600001724120
R8 =0x0000000000000004, R9 =0x000060000157095c, R10=0x0000000000000020, R11=0x0000600001724120
R12=0x0000600002678780, R13=0x00007ff3228126a8, R14=0x0000000304c96870, R15=0x0000600001724120
RIP=0x00000001275b53e5, EFLAGS=0x0000000000000202, ERR=0x0000000000000004
  TRAPNO=0x000000000000000e

Top of Stack: (sp=0x0000000304c96800)
0x0000000304c96800:   0000600002678780 00007ff3228126a8
0x0000000304c96810:   0000000304c96870 0000000304c96870
0x0000000304c96820:   0000600002678780 00007ff3228126a8
0x0000000304c96830:   0000600001724120 00006000015cd5b0
0x0000000304c96840:   0000000304c968c0 00000001275bbeef
0x0000000304c96850:   0000000000000000 00006000015cd5b0
0x0000000304c96860:   0000000000000000 00006000015cd5b0
0x0000000304c96870:   007373616c63650c 0000000000000000
0x0000000304c96880:   0000000000000000 0000000304c96870
0x0000000304c96890:   0000000000000000 0000000127824048
0x0000000304c968a0:   0000000000000000 0000000127824038
0x0000000304c968b0:   0000000304c96950 00007ff322812400
0x0000000304c968c0:   0000000304c96928 000000010fcb7365
0x0000000304c968d0:   0000000127820000 000000010fcb70b6
0x0000000304c968e0:   0000000304c968e0 0000000127824038
0x0000000304c968f0:   0000000304c96950 000000012782bad8
0x0000000304c96900:   0000000000000000 0000000787aa2968
0x0000000304c96910:   0000000127824048 0000000000000000
0x0000000304c96920:   0000000304c96948 0000000304c969a0
0x0000000304c96930:   000000010fcb323e 0000000000000000
0x0000000304c96940:   000000010fcb4f1b 00000007875ec8c8
0x0000000304c96950:   0000000787572030 0000000304c96958
0x0000000304c96960:   0000000127821355 0000000304c969d0
0x0000000304c96970:   0000000127822400 0000000000000000
0x0000000304c96980:   0000000787a77308 00000001278213d8
0x0000000304c96990:   0000000304c96948 0000000304c969c8
0x0000000304c969a0:   0000000304c96a20 000000010fcb323e
0x0000000304c969b0:   0000000000000000 0000000000000000
0x0000000304c969c0:   0000000000000000 00000007875ec8c8
0x0000000304c969d0:   0000000787a77430 0000000304c969d8
0x0000000304c969e0:   000000012541ec95 0000000304c96a50
0x0000000304c969f0:   0000000125428358 0000000000000000 

Instructions: (pc=0x00000001275b53e5)
0x00000001275b52e5:   c6 08 48 8d bd b0 fe ff ff e8 05 5c 01 00 48 8d
0x00000001275b52f5:   bd 28 ff ff ff e8 c5 5c 01 00 4c 89 e0 48 81 c4
0x00000001275b5305:   28 01 00 00 5b 41 5c 41 5d 41 5e 41 5f 5d c3 49
0x00000001275b5315:   89 c6 4c 89 bd b0 fe ff ff 48 89 9d 28 ff ff ff
0x00000001275b5325:   4c 89 ad c0 fe ff ff eb 03 49 89 c6 48 8d bd 00
0x00000001275b5335:   ff ff ff e8 85 5b 01 00 48 8d bd c0 fe ff ff e8
0x00000001275b5345:   15 5c 01 00 eb 03 49 89 c6 48 8b 35 53 dd 01 00
0x00000001275b5355:   48 83 c6 08 48 8d bd b0 fe ff ff e8 93 5b 01 00
0x00000001275b5365:   eb 03 49 89 c6 48 8d bd 28 ff ff ff e8 4e 5c 01
0x00000001275b5375:   00 49 8b 1c 24 48 85 db 74 39 49 8b 7c 24 08 48
0x00000001275b5385:   39 df 74 27 0f 1f 80 00 00 00 00 48 8d 47 e0 49
0x00000001275b5395:   89 44 24 08 48 83 c7 e8 e8 20 5b 01 00 49 8b 7c
0x00000001275b53a5:   24 08 48 39 df 75 e4 49 8b 1c 24 48 89 df e8 30
0x00000001275b53b5:   5c 01 00 4c 89 f7 e8 6c 5a 01 00 55 48 89 e5 41
0x00000001275b53c5:   57 41 56 41 55 41 54 53 48 83 ec 18 49 89 d6 49
0x00000001275b53d5:   89 f4 49 89 ff 49 8b 84 24 90 00 00 00 48 8b 00
0x00000001275b53e5:   48 63 58 3c 48 85 db 0f 57 c0 0f 29 45 c0 48 c7
0x00000001275b53f5:   45 d0 00 00 00 00 74 38 85 db 79 09 48 8d 7d c0
0x00000001275b5405:   e8 2e 5a 01 00 4c 8d 2c 9d 00 00 00 00 4c 89 ef
0x00000001275b5415:   e8 e0 5b 01 00 48 89 45 c0 48 8d 1c 98 48 89 5d
0x00000001275b5425:   d0 48 89 c7 4c 89 ee e8 d5 5b 01 00 48 89 5d c8
0x00000001275b5435:   48 8d 75 c0 4c 89 e7 4c 89 f2 e8 7c a4 fe ff 4c
0x00000001275b5445:   8b 75 c0 48 8b 5d c8 4c 29 f3 0f 57 c0 41 0f 11
0x00000001275b5455:   07 49 c7 47 10 00 00 00 00 49 89 dc 49 c1 fc 02
0x00000001275b5465:   74 3f 4c 89 e0 48 c1 e8 3e 74 08 4c 89 ff e8 c0
0x00000001275b5475:   59 01 00 48 89 df e8 7a 5b 01 00 49 89 47 08 49
0x00000001275b5485:   89 07 4e 8d 24 a0 4d 89 67 10 48 85 db 7e 12 48
0x00000001275b5495:   89 c7 4c 89 f6 48 89 da e8 18 5c 01 00 4d 89 67
0x00000001275b54a5:   08 48 8b 7d c0 48 85 ff 74 23 48 8b 45 c8 48 39
0x00000001275b54b5:   f8 74 15 48 8d 48 fc 48 29 f9 48 f7 d1 48 83 e1
0x00000001275b54c5:   fc 48 01 c1 48 89 4d c8 e8 16 5b 01 00 4c 89 f8
0x00000001275b54d5:   48 83 c4 18 5b 41 5c 41 5d 41 5e 41 5f 5d c3 eb 


Stack slot to memory mapping:
stack at sp + 0 slots: 0x0000600002678780 points into unknown readable memory: 0x0000000000000000 | 00 00 00 00 00 00 00 00
stack at sp + 1 slots: 0x00007ff3228126a8 points into unknown readable memory: 0x000000010a8e5e48 | 48 5e 8e 0a 01 00 00 00
stack at sp + 2 slots: 0x0000000304c96870 is pointing into the stack for thread: 0x00007ff322812400
stack at sp + 3 slots: 0x0000000304c96870 is pointing into the stack for thread: 0x00007ff322812400
stack at sp + 4 slots: 0x0000600002678780 points into unknown readable memory: 0x0000000000000000 | 00 00 00 00 00 00 00 00
stack at sp + 5 slots: 0x00007ff3228126a8 points into unknown readable memory: 0x000000010a8e5e48 | 48 5e 8e 0a 01 00 00 00
stack at sp + 6 slots: 0x0000600001724120 points into unknown readable memory: 0x0000000000000000 | 00 00 00 00 00 00 00 00
stack at sp + 7 slots: 0x00006000015cd5b0 points into unknown readable memory: 0x00007373616c6365 | 65 63 6c 61 73 73 00 00


---------------  P R O C E S S  ---------------

Threads class SMR info:
_java_thread_list=0x0000600001740c60, length=12, elements={
0x00007ff322812400, 0x00007ff322814600, 0x00007ff322814c00, 0x00007ff3240b1e00,
0x00007ff322837c00, 0x00007ff322838200, 0x00007ff322843a00, 0x00007ff322844000,
0x00007ff322844600, 0x00007ff32300c000, 0x00007ff32300c600, 0x00007ff3231a2e00
}

Java Threads: ( => current thread )
=>0x00007ff322812400 JavaThread "main" [_thread_in_native, id=9987, stack(0x0000000304b97000,0x0000000304c97000)]
  0x00007ff322814600 JavaThread "Reference Handler" daemon [_thread_blocked, id=32267, stack(0x00000003052ac000,0x00000003053ac000)]
  0x00007ff322814c00 JavaThread "Finalizer" daemon [_thread_blocked, id=31747, stack(0x00000003053af000,0x00000003054af000)]
  0x00007ff3240b1e00 JavaThread "Signal Dispatcher" daemon [_thread_blocked, id=29443, stack(0x00000003055c3000,0x00000003056c3000)]
  0x00007ff322837c00 JavaThread "Service Thread" daemon [_thread_blocked, id=25091, stack(0x00000003056c6000,0x00000003057c6000)]
  0x00007ff322838200 JavaThread "Monitor Deflation Thread" daemon [_thread_blocked, id=25347, stack(0x00000003057c9000,0x00000003058c9000)]
  0x00007ff322843a00 JavaThread "C2 CompilerThread0" daemon [_thread_blocked, id=28931, stack(0x00000003058cc000,0x00000003059cc000)]
  0x00007ff322844000 JavaThread "C1 CompilerThread0" daemon [_thread_blocked, id=25859, stack(0x00000003059cf000,0x0000000305acf000)]
  0x00007ff322844600 JavaThread "Sweeper thread" daemon [_thread_blocked, id=26371, stack(0x0000000305ad2000,0x0000000305bd2000)]
  0x00007ff32300c000 JavaThread "Notification Thread" daemon [_thread_blocked, id=26911, stack(0x0000000305bd5000,0x0000000305cd5000)]
  0x00007ff32300c600 JavaThread "Common-Cleaner" daemon [_thread_blocked, id=32787, stack(0x0000000305ddb000,0x0000000305edb000)]
  0x00007ff3231a2e00 JavaThread "JavaCPP Deallocator" daemon [_thread_blocked, id=34899, stack(0x00000003060e4000,0x00000003061e4000)]

Other Threads:
  0x00007ff322708150 VMThread "VM Thread" [stack: 0x00000003051a9000,0x00000003052a9000] [id=22019]
  0x00007ff323819250 WatcherThread [stack: 0x0000000305cd8000,0x0000000305dd8000] [id=27651]
  0x00007ff323906d30 GCTaskThread "GC Thread#0" [stack: 0x0000000304c9a000,0x0000000304d9a000] [id=21507]
  0x00007ff322712400 GCTaskThread "GC Thread#1" [stack: 0x0000000305ede000,0x0000000305fde000] [id=33903]
  0x00007ff322712870 GCTaskThread "GC Thread#2" [stack: 0x0000000305fe1000,0x00000003060e1000] [id=34051]
  0x00007ff3239073d0 ConcurrentGCThread "G1 Main Marker" [stack: 0x0000000304d9d000,0x0000000304e9d000] [id=20995]
  0x00007ff3027041a0 ConcurrentGCThread "G1 Conc#0" [stack: 0x0000000304ea0000,0x0000000304fa0000] [id=17155]
  0x00007ff323909c50 ConcurrentGCThread "G1 Refine#0" [stack: 0x0000000304fa3000,0x00000003050a3000] [id=20227]
  0x00007ff3227059a0 ConcurrentGCThread "G1 Service" [stack: 0x00000003050a6000,0x00000003051a6000] [id=19971]

Threads with active compile tasks:

VM state: not at safepoint (normal execution)

VM Mutex/Monitor currently owned by a thread: None

Heap address: 0x0000000780000000, size: 2048 MB, Compressed Oops mode: Zero based, Oop shift amount: 3

CDS archive(s) not mapped
Compressed class space mapped at: 0x0000000800000000-0x0000000840000000, reserved size: 1073741824
Narrow klass base: 0x0000000800000000, Narrow klass shift: 0, Narrow klass range: 0x40000000

GC Precious Log:
 CPUs: 8 total, 8 available
 Memory: 8192M
 Large Page Support: Disabled
 NUMA Support: Disabled
 Compressed Oops: Enabled (Zero based)
 Heap Region Size: 1M
 Heap Min Capacity: 8M
 Heap Initial Capacity: 128M
 Heap Max Capacity: 2G
 Pre-touch: Disabled
 Parallel Workers: 8
 Concurrent Workers: 2
 Concurrent Refinement Workers: 8
 Periodic GC: Disabled

Heap:
 garbage-first heap   total 131072K, used 29540K [0x0000000780000000, 0x0000000800000000)
  region size 1024K, 14 young (14336K), 3 survivors (3072K)
 Metaspace       used 11102K, committed 11264K, reserved 1064960K
  class space    used 980K, committed 1088K, reserved 1048576K

Heap Regions: E=young(eden), S=young(survivor), O=old, HS=humongous(starts), HC=humongous(continues), CS=collection set, F=free, OA=open archive, CA=closed archive, TAMS=top-at-mark-start (previous, next)
|   0|0x0000000780000000, 0x0000000780100000, 0x0000000780100000|100%|HS|  |TAMS 0x0000000780000000, 0x0000000780000000| Complete 
|   1|0x0000000780100000, 0x0000000780200000, 0x0000000780200000|100%|HC|  |TAMS 0x0000000780100000, 0x0000000780100000| Complete 
|   2|0x0000000780200000, 0x0000000780300000, 0x0000000780300000|100%| O|  |TAMS 0x0000000780200000, 0x0000000780200000| Untracked 
|   3|0x0000000780300000, 0x0000000780400000, 0x0000000780400000|100%| O|  |TAMS 0x0000000780300000, 0x0000000780300000| Untracked 
|   4|0x0000000780400000, 0x0000000780500000, 0x0000000780500000|100%| O|  |TAMS 0x0000000780400000, 0x0000000780400000| Untracked 
|   5|0x0000000780500000, 0x0000000780600000, 0x0000000780600000|100%| O|  |TAMS 0x0000000780500000, 0x0000000780500000| Untracked 
|   6|0x0000000780600000, 0x0000000780700000, 0x0000000780700000|100%| O|  |TAMS 0x0000000780600000, 0x0000000780600000| Untracked 
|   7|0x0000000780700000, 0x0000000780800000, 0x0000000780800000|100%| O|  |TAMS 0x0000000780700000, 0x0000000780700000| Untracked 
|   8|0x0000000780800000, 0x0000000780900000, 0x0000000780900000|100%| O|  |TAMS 0x0000000780800000, 0x0000000780800000| Untracked 
|   9|0x0000000780900000, 0x0000000780a00000, 0x0000000780a00000|100%| O|  |TAMS 0x0000000780900000, 0x0000000780900000| Untracked 
|  10|0x0000000780a00000, 0x0000000780b00000, 0x0000000780b00000|100%| O|  |TAMS 0x0000000780a00000, 0x0000000780a00000| Untracked 
|  11|0x0000000780b00000, 0x0000000780c00000, 0x0000000780c00000|100%| O|  |TAMS 0x0000000780b00000, 0x0000000780b00000| Untracked 
|  12|0x0000000780c00000, 0x0000000780d00000, 0x0000000780d00000|100%| O|  |TAMS 0x0000000780c00000, 0x0000000780c00000| Untracked 
|  13|0x0000000780d00000, 0x0000000780e00000, 0x0000000780e00000|100%| O|  |TAMS 0x0000000780d00000, 0x0000000780d00000| Untracked 
|  14|0x0000000780e00000, 0x0000000780ed9200, 0x0000000780f00000| 84%| O|  |TAMS 0x0000000780e00000, 0x0000000780e00000| Untracked 
|  15|0x0000000780f00000, 0x0000000781000000, 0x0000000781000000|100%|HS|  |TAMS 0x0000000780f00000, 0x0000000780f00000| Complete 
|  16|0x0000000781000000, 0x0000000781100000, 0x0000000781100000|100%|HS|  |TAMS 0x0000000781000000, 0x0000000781000000| Complete 
|  17|0x0000000781100000, 0x0000000781100000, 0x0000000781200000|  0%| F|  |TAMS 0x0000000781100000, 0x0000000781100000| Untracked 
|  18|0x0000000781200000, 0x0000000781200000, 0x0000000781300000|  0%| F|  |TAMS 0x0000000781200000, 0x0000000781200000| Untracked 
|  19|0x0000000781300000, 0x0000000781300000, 0x0000000781400000|  0%| F|  |TAMS 0x0000000781300000, 0x0000000781300000| Untracked 
|  20|0x0000000781400000, 0x0000000781400000, 0x0000000781500000|  0%| F|  |TAMS 0x0000000781400000, 0x0000000781400000| Untracked 
|  21|0x0000000781500000, 0x0000000781500000, 0x0000000781600000|  0%| F|  |TAMS 0x0000000781500000, 0x0000000781500000| Untracked 
|  22|0x0000000781600000, 0x0000000781600000, 0x0000000781700000|  0%| F|  |TAMS 0x0000000781600000, 0x0000000781600000| Untracked 
|  23|0x0000000781700000, 0x0000000781700000, 0x0000000781800000|  0%| F|  |TAMS 0x0000000781700000, 0x0000000781700000| Untracked 
|  24|0x0000000781800000, 0x0000000781800000, 0x0000000781900000|  0%| F|  |TAMS 0x0000000781800000, 0x0000000781800000| Untracked 
|  25|0x0000000781900000, 0x0000000781900000, 0x0000000781a00000|  0%| F|  |TAMS 0x0000000781900000, 0x0000000781900000| Untracked 
|  26|0x0000000781a00000, 0x0000000781a00000, 0x0000000781b00000|  0%| F|  |TAMS 0x0000000781a00000, 0x0000000781a00000| Untracked 
|  27|0x0000000781b00000, 0x0000000781b00000, 0x0000000781c00000|  0%| F|  |TAMS 0x0000000781b00000, 0x0000000781b00000| Untracked 
|  28|0x0000000781c00000, 0x0000000781c00000, 0x0000000781d00000|  0%| F|  |TAMS 0x0000000781c00000, 0x0000000781c00000| Untracked 
|  29|0x0000000781d00000, 0x0000000781d00000, 0x0000000781e00000|  0%| F|  |TAMS 0x0000000781d00000, 0x0000000781d00000| Untracked 
|  30|0x0000000781e00000, 0x0000000781e00000, 0x0000000781f00000|  0%| F|  |TAMS 0x0000000781e00000, 0x0000000781e00000| Untracked 
|  31|0x0000000781f00000, 0x0000000781f00000, 0x0000000782000000|  0%| F|  |TAMS 0x0000000781f00000, 0x0000000781f00000| Untracked 
|  32|0x0000000782000000, 0x0000000782000000, 0x0000000782100000|  0%| F|  |TAMS 0x0000000782000000, 0x0000000782000000| Untracked 
|  33|0x0000000782100000, 0x0000000782100000, 0x0000000782200000|  0%| F|  |TAMS 0x0000000782100000, 0x0000000782100000| Untracked 
|  34|0x0000000782200000, 0x0000000782200000, 0x0000000782300000|  0%| F|  |TAMS 0x0000000782200000, 0x0000000782200000| Untracked 
|  35|0x0000000782300000, 0x0000000782300000, 0x0000000782400000|  0%| F|  |TAMS 0x0000000782300000, 0x0000000782300000| Untracked 
|  36|0x0000000782400000, 0x0000000782400000, 0x0000000782500000|  0%| F|  |TAMS 0x0000000782400000, 0x0000000782400000| Untracked 
|  37|0x0000000782500000, 0x0000000782500000, 0x0000000782600000|  0%| F|  |TAMS 0x0000000782500000, 0x0000000782500000| Untracked 
|  38|0x0000000782600000, 0x0000000782600000, 0x0000000782700000|  0%| F|  |TAMS 0x0000000782600000, 0x0000000782600000| Untracked 
|  39|0x0000000782700000, 0x0000000782700000, 0x0000000782800000|  0%| F|  |TAMS 0x0000000782700000, 0x0000000782700000| Untracked 
|  40|0x0000000782800000, 0x0000000782800000, 0x0000000782900000|  0%| F|  |TAMS 0x0000000782800000, 0x0000000782800000| Untracked 
|  41|0x0000000782900000, 0x0000000782900000, 0x0000000782a00000|  0%| F|  |TAMS 0x0000000782900000, 0x0000000782900000| Untracked 
|  42|0x0000000782a00000, 0x0000000782a00000, 0x0000000782b00000|  0%| F|  |TAMS 0x0000000782a00000, 0x0000000782a00000| Untracked 
|  43|0x0000000782b00000, 0x0000000782b00000, 0x0000000782c00000|  0%| F|  |TAMS 0x0000000782b00000, 0x0000000782b00000| Untracked 
|  44|0x0000000782c00000, 0x0000000782c00000, 0x0000000782d00000|  0%| F|  |TAMS 0x0000000782c00000, 0x0000000782c00000| Untracked 
|  45|0x0000000782d00000, 0x0000000782d00000, 0x0000000782e00000|  0%| F|  |TAMS 0x0000000782d00000, 0x0000000782d00000| Untracked 
|  46|0x0000000782e00000, 0x0000000782e00000, 0x0000000782f00000|  0%| F|  |TAMS 0x0000000782e00000, 0x0000000782e00000| Untracked 
|  47|0x0000000782f00000, 0x0000000782f00000, 0x0000000783000000|  0%| F|  |TAMS 0x0000000782f00000, 0x0000000782f00000| Untracked 
|  48|0x0000000783000000, 0x0000000783000000, 0x0000000783100000|  0%| F|  |TAMS 0x0000000783000000, 0x0000000783000000| Untracked 
|  49|0x0000000783100000, 0x0000000783100000, 0x0000000783200000|  0%| F|  |TAMS 0x0000000783100000, 0x0000000783100000| Untracked 
|  50|0x0000000783200000, 0x0000000783200000, 0x0000000783300000|  0%| F|  |TAMS 0x0000000783200000, 0x0000000783200000| Untracked 
|  51|0x0000000783300000, 0x0000000783300000, 0x0000000783400000|  0%| F|  |TAMS 0x0000000783300000, 0x0000000783300000| Untracked 
|  52|0x0000000783400000, 0x0000000783400000, 0x0000000783500000|  0%| F|  |TAMS 0x0000000783400000, 0x0000000783400000| Untracked 
|  53|0x0000000783500000, 0x0000000783500000, 0x0000000783600000|  0%| F|  |TAMS 0x0000000783500000, 0x0000000783500000| Untracked 
|  54|0x0000000783600000, 0x0000000783600000, 0x0000000783700000|  0%| F|  |TAMS 0x0000000783600000, 0x0000000783600000| Untracked 
|  55|0x0000000783700000, 0x0000000783700000, 0x0000000783800000|  0%| F|  |TAMS 0x0000000783700000, 0x0000000783700000| Untracked 
|  56|0x0000000783800000, 0x0000000783800000, 0x0000000783900000|  0%| F|  |TAMS 0x0000000783800000, 0x0000000783800000| Untracked 
|  57|0x0000000783900000, 0x0000000783900000, 0x0000000783a00000|  0%| F|  |TAMS 0x0000000783900000, 0x0000000783900000| Untracked 
|  58|0x0000000783a00000, 0x0000000783a00000, 0x0000000783b00000|  0%| F|  |TAMS 0x0000000783a00000, 0x0000000783a00000| Untracked 
|  59|0x0000000783b00000, 0x0000000783b00000, 0x0000000783c00000|  0%| F|  |TAMS 0x0000000783b00000, 0x0000000783b00000| Untracked 
|  60|0x0000000783c00000, 0x0000000783c00000, 0x0000000783d00000|  0%| F|  |TAMS 0x0000000783c00000, 0x0000000783c00000| Untracked 
|  61|0x0000000783d00000, 0x0000000783d00000, 0x0000000783e00000|  0%| F|  |TAMS 0x0000000783d00000, 0x0000000783d00000| Untracked 
|  62|0x0000000783e00000, 0x0000000783e00000, 0x0000000783f00000|  0%| F|  |TAMS 0x0000000783e00000, 0x0000000783e00000| Untracked 
|  63|0x0000000783f00000, 0x0000000783f00000, 0x0000000784000000|  0%| F|  |TAMS 0x0000000783f00000, 0x0000000783f00000| Untracked 
|  64|0x0000000784000000, 0x0000000784000000, 0x0000000784100000|  0%| F|  |TAMS 0x0000000784000000, 0x0000000784000000| Untracked 
|  65|0x0000000784100000, 0x0000000784100000, 0x0000000784200000|  0%| F|  |TAMS 0x0000000784100000, 0x0000000784100000| Untracked 
|  66|0x0000000784200000, 0x0000000784200000, 0x0000000784300000|  0%| F|  |TAMS 0x0000000784200000, 0x0000000784200000| Untracked 
|  67|0x0000000784300000, 0x0000000784300000, 0x0000000784400000|  0%| F|  |TAMS 0x0000000784300000, 0x0000000784300000| Untracked 
|  68|0x0000000784400000, 0x0000000784400000, 0x0000000784500000|  0%| F|  |TAMS 0x0000000784400000, 0x0000000784400000| Untracked 
|  69|0x0000000784500000, 0x0000000784500000, 0x0000000784600000|  0%| F|  |TAMS 0x0000000784500000, 0x0000000784500000| Untracked 
|  70|0x0000000784600000, 0x0000000784600000, 0x0000000784700000|  0%| F|  |TAMS 0x0000000784600000, 0x0000000784600000| Untracked 
|  71|0x0000000784700000, 0x0000000784700000, 0x0000000784800000|  0%| F|  |TAMS 0x0000000784700000, 0x0000000784700000| Untracked 
|  72|0x0000000784800000, 0x0000000784800000, 0x0000000784900000|  0%| F|  |TAMS 0x0000000784800000, 0x0000000784800000| Untracked 
|  73|0x0000000784900000, 0x0000000784900000, 0x0000000784a00000|  0%| F|  |TAMS 0x0000000784900000, 0x0000000784900000| Untracked 
|  74|0x0000000784a00000, 0x0000000784a00000, 0x0000000784b00000|  0%| F|  |TAMS 0x0000000784a00000, 0x0000000784a00000| Untracked 
|  75|0x0000000784b00000, 0x0000000784b00000, 0x0000000784c00000|  0%| F|  |TAMS 0x0000000784b00000, 0x0000000784b00000| Untracked 
|  76|0x0000000784c00000, 0x0000000784c00000, 0x0000000784d00000|  0%| F|  |TAMS 0x0000000784c00000, 0x0000000784c00000| Untracked 
|  77|0x0000000784d00000, 0x0000000784d00000, 0x0000000784e00000|  0%| F|  |TAMS 0x0000000784d00000, 0x0000000784d00000| Untracked 
|  78|0x0000000784e00000, 0x0000000784e00000, 0x0000000784f00000|  0%| F|  |TAMS 0x0000000784e00000, 0x0000000784e00000| Untracked 
|  79|0x0000000784f00000, 0x0000000784f00000, 0x0000000785000000|  0%| F|  |TAMS 0x0000000784f00000, 0x0000000784f00000| Untracked 
|  80|0x0000000785000000, 0x0000000785000000, 0x0000000785100000|  0%| F|  |TAMS 0x0000000785000000, 0x0000000785000000| Untracked 
|  81|0x0000000785100000, 0x0000000785100000, 0x0000000785200000|  0%| F|  |TAMS 0x0000000785100000, 0x0000000785100000| Untracked 
|  82|0x0000000785200000, 0x0000000785200000, 0x0000000785300000|  0%| F|  |TAMS 0x0000000785200000, 0x0000000785200000| Untracked 
|  83|0x0000000785300000, 0x0000000785300000, 0x0000000785400000|  0%| F|  |TAMS 0x0000000785300000, 0x0000000785300000| Untracked 
|  84|0x0000000785400000, 0x0000000785400000, 0x0000000785500000|  0%| F|  |TAMS 0x0000000785400000, 0x0000000785400000| Untracked 
|  85|0x0000000785500000, 0x0000000785500000, 0x0000000785600000|  0%| F|  |TAMS 0x0000000785500000, 0x0000000785500000| Untracked 
|  86|0x0000000785600000, 0x0000000785600000, 0x0000000785700000|  0%| F|  |TAMS 0x0000000785600000, 0x0000000785600000| Untracked 
|  87|0x0000000785700000, 0x0000000785700000, 0x0000000785800000|  0%| F|  |TAMS 0x0000000785700000, 0x0000000785700000| Untracked 
|  88|0x0000000785800000, 0x0000000785800000, 0x0000000785900000|  0%| F|  |TAMS 0x0000000785800000, 0x0000000785800000| Untracked 
|  89|0x0000000785900000, 0x0000000785900000, 0x0000000785a00000|  0%| F|  |TAMS 0x0000000785900000, 0x0000000785900000| Untracked 
|  90|0x0000000785a00000, 0x0000000785a00000, 0x0000000785b00000|  0%| F|  |TAMS 0x0000000785a00000, 0x0000000785a00000| Untracked 
|  91|0x0000000785b00000, 0x0000000785b00000, 0x0000000785c00000|  0%| F|  |TAMS 0x0000000785b00000, 0x0000000785b00000| Untracked 
|  92|0x0000000785c00000, 0x0000000785c00000, 0x0000000785d00000|  0%| F|  |TAMS 0x0000000785c00000, 0x0000000785c00000| Untracked 
|  93|0x0000000785d00000, 0x0000000785d00000, 0x0000000785e00000|  0%| F|  |TAMS 0x0000000785d00000, 0x0000000785d00000| Untracked 
|  94|0x0000000785e00000, 0x0000000785e00000, 0x0000000785f00000|  0%| F|  |TAMS 0x0000000785e00000, 0x0000000785e00000| Untracked 
|  95|0x0000000785f00000, 0x0000000785f00000, 0x0000000786000000|  0%| F|  |TAMS 0x0000000785f00000, 0x0000000785f00000| Untracked 
|  96|0x0000000786000000, 0x0000000786000000, 0x0000000786100000|  0%| F|  |TAMS 0x0000000786000000, 0x0000000786000000| Untracked 
|  97|0x0000000786100000, 0x0000000786100000, 0x0000000786200000|  0%| F|  |TAMS 0x0000000786100000, 0x0000000786100000| Untracked 
|  98|0x0000000786200000, 0x0000000786200000, 0x0000000786300000|  0%| F|  |TAMS 0x0000000786200000, 0x0000000786200000| Untracked 
|  99|0x0000000786300000, 0x0000000786300000, 0x0000000786400000|  0%| F|  |TAMS 0x0000000786300000, 0x0000000786300000| Untracked 
| 100|0x0000000786400000, 0x0000000786400000, 0x0000000786500000|  0%| F|  |TAMS 0x0000000786400000, 0x0000000786400000| Untracked 
| 101|0x0000000786500000, 0x0000000786500000, 0x0000000786600000|  0%| F|  |TAMS 0x0000000786500000, 0x0000000786500000| Untracked 
| 102|0x0000000786600000, 0x0000000786700000, 0x0000000786700000|100%| S|CS|TAMS 0x0000000786600000, 0x0000000786600000| Complete 
| 103|0x0000000786700000, 0x0000000786800000, 0x0000000786800000|100%| S|CS|TAMS 0x0000000786700000, 0x0000000786700000| Complete 
| 104|0x0000000786800000, 0x0000000786900000, 0x0000000786900000|100%| S|CS|TAMS 0x0000000786800000, 0x0000000786800000| Complete 
| 105|0x0000000786900000, 0x0000000786900000, 0x0000000786a00000|  0%| F|  |TAMS 0x0000000786900000, 0x0000000786900000| Untracked 
| 106|0x0000000786a00000, 0x0000000786a00000, 0x0000000786b00000|  0%| F|  |TAMS 0x0000000786a00000, 0x0000000786a00000| Untracked 
| 107|0x0000000786b00000, 0x0000000786b00000, 0x0000000786c00000|  0%| F|  |TAMS 0x0000000786b00000, 0x0000000786b00000| Untracked 
| 108|0x0000000786c00000, 0x0000000786c00000, 0x0000000786d00000|  0%| F|  |TAMS 0x0000000786c00000, 0x0000000786c00000| Untracked 
| 109|0x0000000786d00000, 0x0000000786d00000, 0x0000000786e00000|  0%| F|  |TAMS 0x0000000786d00000, 0x0000000786d00000| Untracked 
| 110|0x0000000786e00000, 0x0000000786e00000, 0x0000000786f00000|  0%| F|  |TAMS 0x0000000786e00000, 0x0000000786e00000| Untracked 
| 111|0x0000000786f00000, 0x0000000786f00000, 0x0000000787000000|  0%| F|  |TAMS 0x0000000786f00000, 0x0000000786f00000| Untracked 
| 112|0x0000000787000000, 0x0000000787000000, 0x0000000787100000|  0%| F|  |TAMS 0x0000000787000000, 0x0000000787000000| Untracked 
| 113|0x0000000787100000, 0x0000000787100000, 0x0000000787200000|  0%| F|  |TAMS 0x0000000787100000, 0x0000000787100000| Untracked 
| 114|0x0000000787200000, 0x0000000787200000, 0x0000000787300000|  0%| F|  |TAMS 0x0000000787200000, 0x0000000787200000| Untracked 
| 115|0x0000000787300000, 0x0000000787300000, 0x0000000787400000|  0%| F|  |TAMS 0x0000000787300000, 0x0000000787300000| Untracked 
| 116|0x0000000787400000, 0x0000000787400000, 0x0000000787500000|  0%| F|  |TAMS 0x0000000787400000, 0x0000000787400000| Untracked 
| 117|0x0000000787500000, 0x0000000787600000, 0x0000000787600000|100%| E|  |TAMS 0x0000000787500000, 0x0000000787500000| Complete 
| 118|0x0000000787600000, 0x0000000787700000, 0x0000000787700000|100%| E|CS|TAMS 0x0000000787600000, 0x0000000787600000| Complete 
| 119|0x0000000787700000, 0x0000000787800000, 0x0000000787800000|100%| E|CS|TAMS 0x0000000787700000, 0x0000000787700000| Complete 
| 120|0x0000000787800000, 0x0000000787900000, 0x0000000787900000|100%| E|CS|TAMS 0x0000000787800000, 0x0000000787800000| Complete 
| 121|0x0000000787900000, 0x0000000787a00000, 0x0000000787a00000|100%| E|CS|TAMS 0x0000000787900000, 0x0000000787900000| Complete 
| 122|0x0000000787a00000, 0x0000000787b00000, 0x0000000787b00000|100%| E|CS|TAMS 0x0000000787a00000, 0x0000000787a00000| Complete 
| 123|0x0000000787b00000, 0x0000000787c00000, 0x0000000787c00000|100%| E|CS|TAMS 0x0000000787b00000, 0x0000000787b00000| Complete 
| 124|0x0000000787c00000, 0x0000000787d00000, 0x0000000787d00000|100%| E|  |TAMS 0x0000000787c00000, 0x0000000787c00000| Complete 
| 125|0x0000000787d00000, 0x0000000787e00000, 0x0000000787e00000|100%| E|CS|TAMS 0x0000000787d00000, 0x0000000787d00000| Complete 
| 126|0x0000000787e00000, 0x0000000787f00000, 0x0000000787f00000|100%| E|CS|TAMS 0x0000000787e00000, 0x0000000787e00000| Complete 
| 127|0x0000000787f00000, 0x0000000788000000, 0x0000000788000000|100%| E|CS|TAMS 0x0000000787f00000, 0x0000000787f00000| Complete 

Card table byte_map: [0x0000000109154000,0x0000000109554000] _byte_map_base: 0x0000000105554000

Marking Bits (Prev, Next): (CMBitMap*) 0x00007ff324020410, (CMBitMap*) 0x00007ff324020450
 Prev Bits: [0x000000011ecaa000, 0x0000000120caa000)
 Next Bits: [0x0000000120caa000, 0x0000000122caa000)

Polling page: 0x000000010047e000

Metaspace:

Usage:
  Non-class:      9.89 MB used.
      Class:    980.28 KB used.
       Both:     10.84 MB used.

Virtual space:
  Non-class space:       16.00 MB reserved,       9.94 MB ( 62%) committed,  2 nodes.
      Class space:        1.00 GB reserved,       1.06 MB ( <1%) committed,  1 nodes.
             Both:        1.02 GB reserved,      11.00 MB (  1%) committed. 

Chunk freelists:
   Non-Class:  1.95 MB
       Class:  2.98 MB
        Both:  4.93 MB

MaxMetaspaceSize: unlimited
CompressedClassSpaceSize: 1.00 GB
Initial GC threshold: 21.00 MB
Current GC threshold: 21.00 MB
CDS: off
MetaspaceReclaimPolicy: balanced
 - commit_granule_bytes: 65536.
 - commit_granule_words: 8192.
 - virtual_space_node_default_size: 1048576.
 - enlarge_chunks_in_place: 1.
 - new_chunks_are_fully_committed: 0.
 - uncommit_free_chunks: 1.
 - use_allocation_guard: 0.
 - handle_deallocations: 1.


Internal statistics:

num_allocs_failed_limit: 0.
num_arena_births: 22.
num_arena_deaths: 0.
num_vsnodes_births: 3.
num_vsnodes_deaths: 0.
num_space_committed: 176.
num_space_uncommitted: 0.
num_chunks_returned_to_freelist: 0.
num_chunks_taken_from_freelist: 82.
num_chunk_merges: 0.
num_chunk_splits: 43.
num_chunks_enlarged: 35.
num_purges: 0.
num_inconsistent_stats: 0.

CodeHeap 'non-profiled nmethods': size=120028Kb used=362Kb max_used=362Kb free=119665Kb
 bounds [0x0000000117773000, 0x00000001179e3000, 0x000000011ecaa000]
CodeHeap 'profiled nmethods': size=120028Kb used=1849Kb max_used=1849Kb free=118178Kb
 bounds [0x000000011023c000, 0x00000001104ac000, 0x0000000117773000]
CodeHeap 'non-nmethods': size=5704Kb used=1131Kb max_used=1190Kb free=4572Kb
 bounds [0x000000010fcaa000, 0x000000010ff1a000, 0x000000011023c000]
 total_blobs=1364 nmethods=944 adapters=335
 compilation: enabled
              stopped_count=0, restarted_count=0
 full_count=0

Compilation events (20 events):
Event: 0.698 Thread 0x00007ff322844000 nmethod 952 0x0000000110409510 code [0x00000001104096c0, 0x0000000110409880]
Event: 0.699 Thread 0x00007ff322844000  954       2       java.io.File::<init> (111 bytes)
Event: 0.699 Thread 0x00007ff322844000 nmethod 954 0x0000000110409990 code [0x0000000110409ba0, 0x000000011040a060]
Event: 0.699 Thread 0x00007ff322844000  955       2       jdk.internal.misc.Unsafe::checkSize (32 bytes)
Event: 0.699 Thread 0x00007ff322844000 nmethod 955 0x000000011040a290 code [0x000000011040a440, 0x000000011040a600]
Event: 0.884 Thread 0x00007ff322843a00 

Event: 0.884 Thread 0x00007ff322843a00  931       4       java.lang.String::startsWith (138 bytes)
Event: 0.886 Thread 0x00007ff322843a00 nmethod 931 0x00000001177bbd10 code [0x00000001177bbea0, 0x00000001177bc138]
Event: 0.886 Thread 0x00007ff322843a00  921       4       java.util.HashMap::putVal (300 bytes)
Event: 0.897 Thread 0x00007ff322843a00 nmethod 921 0x00000001177bc310 code [0x00000001177bc540, 0x00000001177bd600]
Event: 0.897 Thread 0x00007ff322843a00  787   !   4       java.util.zip.ZipFile::getEntry (59 bytes)
Event: 0.917 Thread 0x00007ff322843a00 nmethod 787 0x00000001177bdd10 code [0x00000001177bdf60, 0x00000001177bf6d0]
Event: 0.917 Thread 0x00007ff322843a00  870       4       java.lang.StringBuilder::append (8 bytes)
Event: 0.921 Thread 0x00007ff322843a00 nmethod 870 0x00000001177c0790 code [0x00000001177c0940, 0x00000001177c0f08]
Event: 0.921 Thread 0x00007ff322843a00  884       4       jdk.internal.jimage.ImageStringsReader::unmaskedHashCode (166 bytes)
Event: 0.924 Thread 0x00007ff322843a00 nmethod 884 0x00000001177c1310 code [0x00000001177c14a0, 0x00000001177c1778]
Event: 0.924 Thread 0x00007ff322843a00  788       4       java.util.Objects::requireNonNull (15 bytes)
Event: 0.924 Thread 0x00007ff322843a00 nmethod 788 0x00000001177c1910 code [0x00000001177c1a80, 0x00000001177c1af8]
Event: 0.924 Thread 0x00007ff322843a00  728   !   4       jdk.internal.loader.URLClassPath$JarLoader::ensureOpen (36 bytes)
Event: 1.056 Thread 0x00007ff322843a00 nmethod 728 0x00000001177c1c10 code [0x00000001177c22c0, 0x00000001177c8758]

GC Heap History (2 events):
Event: 0.379 GC heap before
{Heap before GC invocations=0 (full 0):
 garbage-first heap   total 131072K, used 24576K [0x0000000780000000, 0x0000000800000000)
  region size 1024K, 23 young (23552K), 0 survivors (0K)
 Metaspace       used 5460K, committed 5568K, reserved 1056768K
  class space    used 439K, committed 512K, reserved 1048576K
}
Event: 0.391 GC heap after
{Heap after GC invocations=1 (full 0):
 garbage-first heap   total 131072K, used 18276K [0x0000000780000000, 0x0000000800000000)
  region size 1024K, 3 young (3072K), 3 survivors (3072K)
 Metaspace       used 5460K, committed 5568K, reserved 1056768K
  class space    used 439K, committed 512K, reserved 1048576K
}

Deoptimization events (20 events):
Event: 0.565 Thread 0x00007ff322812400 Uncommon trap: trap_request=0xffffff45 fr.pc=0x00000001177a0684 relative=0x0000000000000564
Event: 0.565 Thread 0x00007ff322812400 Uncommon trap: reason=unstable_if action=reinterpret pc=0x00000001177a0684 method=java.lang.AbstractStringBuilder.append(Ljava/lang/String;)Ljava/lang/AbstractStringBuilder; @ 1 c2
Event: 0.565 Thread 0x00007ff322812400 DEOPT PACKING pc=0x00000001177a0684 sp=0x0000000304c95c60
Event: 0.565 Thread 0x00007ff322812400 DEOPT UNPACKING pc=0x000000010fcfc093 sp=0x0000000304c95bf0 mode 2
Event: 0.609 Thread 0x00007ff322812400 Uncommon trap: trap_request=0xffffffde fr.pc=0x00000001177ac1e8 relative=0x0000000000000748
Event: 0.609 Thread 0x00007ff322812400 Uncommon trap: reason=class_check action=maybe_recompile pc=0x00000001177ac1e8 method=java.util.HashMap.putVal(ILjava/lang/Object;Ljava/lang/Object;ZZ)Ljava/lang/Object; @ 253 c2
Event: 0.609 Thread 0x00007ff322812400 DEOPT PACKING pc=0x00000001177ac1e8 sp=0x0000000304c954a0
Event: 0.609 Thread 0x00007ff322812400 DEOPT UNPACKING pc=0x000000010fcfc093 sp=0x0000000304c95450 mode 2
Event: 0.617 Thread 0x00007ff322812400 Uncommon trap: trap_request=0xffffffde fr.pc=0x00000001177ac1e8 relative=0x0000000000000748
Event: 0.617 Thread 0x00007ff322812400 Uncommon trap: reason=class_check action=maybe_recompile pc=0x00000001177ac1e8 method=java.util.HashMap.putVal(ILjava/lang/Object;Ljava/lang/Object;ZZ)Ljava/lang/Object; @ 253 c2
Event: 0.617 Thread 0x00007ff322812400 DEOPT PACKING pc=0x00000001177ac1e8 sp=0x0000000304c95120
Event: 0.617 Thread 0x00007ff322812400 DEOPT UNPACKING pc=0x000000010fcfc093 sp=0x0000000304c950d0 mode 2
Event: 0.626 Thread 0x00007ff322812400 Uncommon trap: trap_request=0xffffffde fr.pc=0x00000001177ac1e8 relative=0x0000000000000748
Event: 0.626 Thread 0x00007ff322812400 Uncommon trap: reason=class_check action=maybe_recompile pc=0x00000001177ac1e8 method=java.util.HashMap.putVal(ILjava/lang/Object;Ljava/lang/Object;ZZ)Ljava/lang/Object; @ 253 c2
Event: 0.626 Thread 0x00007ff322812400 DEOPT PACKING pc=0x00000001177ac1e8 sp=0x0000000304c95120
Event: 0.626 Thread 0x00007ff322812400 DEOPT UNPACKING pc=0x000000010fcfc093 sp=0x0000000304c950d0 mode 2
Event: 0.626 Thread 0x00007ff322812400 Uncommon trap: trap_request=0xffffffde fr.pc=0x00000001177ac1e8 relative=0x0000000000000748
Event: 0.626 Thread 0x00007ff322812400 Uncommon trap: reason=class_check action=maybe_recompile pc=0x00000001177ac1e8 method=java.util.HashMap.putVal(ILjava/lang/Object;Ljava/lang/Object;ZZ)Ljava/lang/Object; @ 253 c2
Event: 0.626 Thread 0x00007ff322812400 DEOPT PACKING pc=0x00000001177ac1e8 sp=0x0000000304c95120
Event: 0.626 Thread 0x00007ff322812400 DEOPT UNPACKING pc=0x000000010fcfc093 sp=0x0000000304c950d0 mode 2

Classes unloaded (0 events):
No events

Classes redefined (0 events):
No events

Internal exceptions (8 events):
Event: 0.565 Thread 0x00007ff322812400 Implicit null exception at 0x00000001177a0154 to 0x00000001177a0670
Event: 0.584 Thread 0x00007ff322812400 Exception <a 'java/lang/NoSuchMethodError'{0x0000000787907f40}: 'int java.lang.invoke.DirectMethodHandle$Holder.invokeStaticInit(java.lang.Object, java.lang.Object, java.lang.Object, java.lang.Object)'> (0x0000000787907f40) 
thrown [src/hotspot/share/interpreter/linkResolver.cpp, line 759]
Event: 0.586 Thread 0x00007ff322812400 Exception <a 'java/lang/NoSuchMethodError'{0x0000000787912678}: 'java.lang.Object java.lang.invoke.DirectMethodHandle$Holder.invokeInterface(java.lang.Object, java.lang.Object)'> (0x0000000787912678) 
thrown [src/hotspot/share/interpreter/linkResolver.cpp, line 759]
Event: 0.587 Thread 0x00007ff322812400 Exception <a 'java/lang/IncompatibleClassChangeError'{0x0000000787915c68}: Found class java.lang.Object, but interface was expected> (0x0000000787915c68) 
thrown [src/hotspot/share/interpreter/linkResolver.cpp, line 826]
Event: 0.588 Thread 0x00007ff322812400 Exception <a 'java/lang/NoSuchMethodError'{0x0000000787918c08}: 'void java.lang.invoke.DirectMethodHandle$Holder.invokeStatic(java.lang.Object, java.lang.Object)'> (0x0000000787918c08) 
thrown [src/hotspot/share/interpreter/linkResolver.cpp, line 759]
Event: 0.588 Thread 0x00007ff322812400 Exception <a 'java/lang/NoSuchMethodError'{0x000000078791c278}: 'void java.lang.invoke.DirectMethodHandle$Holder.invokeStaticInit(java.lang.Object, java.lang.Object)'> (0x000000078791c278) 
thrown [src/hotspot/share/interpreter/linkResolver.cpp, line 759]
Event: 0.590 Thread 0x00007ff322812400 Exception <a 'java/lang/NoSuchMethodError'{0x0000000787922568}: 'int java.lang.invoke.DirectMethodHandle$Holder.invokeStaticInit(java.lang.Object, java.lang.Object)'> (0x0000000787922568) 
thrown [src/hotspot/share/interpreter/linkResolver.cpp, line 759]
Event: 0.693 Thread 0x00007ff322812400 Exception <a 'java/lang/NoSuchMethodError'{0x00000007875d69e8}: 'int java.lang.invoke.DirectMethodHandle$Holder.invokeStatic(java.lang.Object, java.lang.Object, int)'> (0x00000007875d69e8) 
thrown [src/hotspot/share/interpreter/linkResolver.cpp, line 759]

VM Operations (12 events):
Event: 0.158 Executing VM operation: HandshakeAllThreads
Event: 0.158 Executing VM operation: HandshakeAllThreads done
Event: 0.378 Executing VM operation: G1CollectForAllocation
Event: 0.392 Executing VM operation: G1CollectForAllocation done
Event: 0.427 Executing VM operation: HandshakeAllThreads
Event: 0.427 Executing VM operation: HandshakeAllThreads done
Event: 0.458 Executing VM operation: HandshakeAllThreads
Event: 0.458 Executing VM operation: HandshakeAllThreads done
Event: 0.603 Executing VM operation: HandshakeAllThreads
Event: 0.603 Executing VM operation: HandshakeAllThreads done
Event: 1.608 Executing VM operation: Cleanup
Event: 1.609 Executing VM operation: Cleanup done

Events (20 events):
Event: 0.679 loading class java/time/chrono/IsoChronology done
Event: 0.679 loading class java/util/concurrent/TimeUnit$1
Event: 0.679 loading class java/util/concurrent/TimeUnit$1 done
Event: 0.683 Loaded shared library /Users/lesley/.javacpp/cache/jfasttext-0.4.jar/com/github/jfasttext/macosx-x86_64/libjniFastTextWrapper.dylib
Event: 0.691 loading class java/util/regex/CharPredicates
Event: 0.691 loading class java/util/regex/CharPredicates done
Event: 0.691 loading class java/lang/Character$UnicodeBlock
Event: 0.692 loading class java/lang/Character$Subset
Event: 0.692 loading class java/lang/Character$Subset done
Event: 0.692 loading class java/lang/Character$UnicodeBlock done
Event: 0.695 loading class java/util/regex/Pattern$BmpCharPredicate
Event: 0.695 loading class java/util/regex/Pattern$BmpCharPredicate done
Event: 0.695 loading class java/util/regex/Pattern$Qtype
Event: 0.695 loading class java/util/regex/Pattern$Qtype done
Event: 0.695 loading class java/util/regex/Pattern$BmpCharProperty
Event: 0.696 loading class java/util/regex/Pattern$BmpCharProperty done
Event: 0.696 loading class java/util/regex/Pattern$CharPropertyGreedy
Event: 0.696 loading class java/util/regex/Pattern$CharPropertyGreedy done
Event: 0.696 loading class java/util/regex/Pattern$StartS
Event: 0.696 loading class java/util/regex/Pattern$StartS done


Dynamic libraries:
0x0000000108a36000 	/Applications/Eclipse.app/Contents/Eclipse/plugins/org.eclipse.justj.openjdk.hotspot.jre.full.macosx.x86_64_17.0.4.v20220903-1038/jre/lib/libjli.dylib
0x00007ff819d89000 	/usr/lib/libz.1.dylib
0x00007ff819e73000 	/usr/lib/libSystem.B.dylib
0x00007ff819e6e000 	/usr/lib/system/libcache.dylib
0x00007ff819e29000 	/usr/lib/system/libcommonCrypto.dylib
0x00007ff819e52000 	/usr/lib/system/libcompiler_rt.dylib
0x00007ff819e48000 	/usr/lib/system/libcopyfile.dylib
0x00007ff80db27000 	/usr/lib/system/libcorecrypto.dylib
0x00007ff80dbe9000 	/usr/lib/system/libdispatch.dylib
0x00007ff80dd71000 	/usr/lib/system/libdyld.dylib
0x00007ff819e64000 	/usr/lib/system/libkeymgr.dylib
0x00007ff819e08000 	/usr/lib/system/libmacho.dylib
0x00007ff8193f6000 	/usr/lib/system/libquarantine.dylib
0x00007ff819e62000 	/usr/lib/system/libremovefile.dylib
0x00007ff812937000 	/usr/lib/system/libsystem_asl.dylib
0x00007ff80dac9000 	/usr/lib/system/libsystem_blocks.dylib
0x00007ff80dc33000 	/usr/lib/system/libsystem_c.dylib
0x00007ff819e5a000 	/usr/lib/system/libsystem_collections.dylib
0x00007ff8186f8000 	/usr/lib/system/libsystem_configuration.dylib
0x00007ff817783000 	/usr/lib/system/libsystem_containermanager.dylib
0x00007ff819ad3000 	/usr/lib/system/libsystem_coreservices.dylib
0x00007ff8109c3000 	/usr/lib/system/libsystem_darwin.dylib
0x00007ff819e65000 	/usr/lib/system/libsystem_dnssd.dylib
0x00007ff80dc30000 	/usr/lib/system/libsystem_featureflags.dylib
0x00007ff80dd9c000 	/usr/lib/system/libsystem_info.dylib
0x00007ff819d9c000 	/usr/lib/system/libsystem_m.dylib
0x00007ff80dbbc000 	/usr/lib/system/libsystem_malloc.dylib
0x00007ff8128c6000 	/usr/lib/system/libsystem_networkextension.dylib
0x00007ff810e04000 	/usr/lib/system/libsystem_notify.dylib
0x00007ff8186fc000 	/usr/lib/system/libsystem_sandbox.dylib
0x00007ff819e5f000 	/usr/lib/system/libsystem_secinit.dylib
0x00007ff80dd2b000 	/usr/lib/system/libsystem_kernel.dylib
0x00007ff80dd92000 	/usr/lib/system/libsystem_platform.dylib
0x00007ff80dd65000 	/usr/lib/system/libsystem_pthread.dylib
0x00007ff814380000 	/usr/lib/system/libsystem_symptoms.dylib
0x00007ff80db0d000 	/usr/lib/system/libsystem_trace.dylib
0x00007ff819e35000 	/usr/lib/system/libunwind.dylib
0x00007ff80dacd000 	/usr/lib/system/libxpc.dylib
0x00007ff80dd15000 	/usr/lib/libc++abi.dylib
0x00007ff80d9f8000 	/usr/lib/libobjc.A.dylib
0x00007ff819e40000 	/usr/lib/liboah.dylib
0x00007ff80dcbc000 	/usr/lib/libc++.1.dylib
0x00007ff826272000 	/System/Library/Frameworks/Cocoa.framework/Versions/A/Cocoa
0x00007ff810e63000 	/System/Library/Frameworks/AppKit.framework/Versions/C/AppKit
0x00007ff813b11000 	/System/Library/Frameworks/CoreData.framework/Versions/A/CoreData
0x00007ff80eb78000 	/System/Library/Frameworks/Foundation.framework/Versions/C/Foundation
0x00007ff811e68000 	/System/Library/PrivateFrameworks/UIFoundation.framework/Versions/A/UIFoundation
0x00007ffa2cdb5000 	/System/Library/PrivateFrameworks/CollectionViewCore.framework/Versions/A/CollectionViewCore
0x00007ff820286000 	/System/Library/PrivateFrameworks/RemoteViewServices.framework/Versions/A/RemoteViewServices
0x00007ff817f48000 	/System/Library/PrivateFrameworks/XCTTargetBootstrap.framework/Versions/A/XCTTargetBootstrap
0x00007ff81bda0000 	/System/Library/PrivateFrameworks/InternationalSupport.framework/Versions/A/InternationalSupport
0x00007ff81be29000 	/System/Library/PrivateFrameworks/UserActivity.framework/Versions/A/UserActivity
0x00007ffb22baa000 	/System/Library/PrivateFrameworks/WindowManagement.framework/Versions/A/WindowManagement
0x00007ff80e864000 	/System/Library/Frameworks/SystemConfiguration.framework/Versions/A/SystemConfiguration
0x00007ff81b19e000 	/usr/lib/libspindump.dylib
0x00007ff812035000 	/System/Library/Frameworks/UniformTypeIdentifiers.framework/Versions/A/UniformTypeIdentifiers
0x00007ff81643f000 	/usr/lib/libapp_launch_measurement.dylib
0x00007ff8150b7000 	/System/Library/PrivateFrameworks/CoreAnalytics.framework/Versions/A/CoreAnalytics
0x00007ff816442000 	/System/Library/PrivateFrameworks/CoreAutoLayout.framework/Versions/A/CoreAutoLayout
0x00007ff8177cf000 	/System/Library/Frameworks/Metal.framework/Versions/A/Metal
0x00007ff818707000 	/usr/lib/liblangid.dylib
0x00007ff817f4d000 	/System/Library/PrivateFrameworks/CoreSVG.framework/Versions/A/CoreSVG
0x00007ff812969000 	/System/Library/PrivateFrameworks/SkyLight.framework/Versions/A/SkyLight
0x00007ff812d52000 	/System/Library/Frameworks/CoreGraphics.framework/Versions/A/CoreGraphics
0x00007ff820960000 	/System/Library/Frameworks/Accelerate.framework/Versions/A/Accelerate
0x00007ff81ac13000 	/System/Library/PrivateFrameworks/IconServices.framework/Versions/A/IconServices
0x00007ff8177b2000 	/System/Library/Frameworks/IOSurface.framework/Versions/A/IOSurface
0x00007ff8150e0000 	/usr/lib/libDiagnosticMessagesClient.dylib
0x00007ff823e9f000 	/System/Library/Frameworks/ApplicationServices.framework/Versions/A/ApplicationServices
0x00007ff817f34000 	/System/Library/PrivateFrameworks/DFRFoundation.framework/Versions/A/DFRFoundation
0x00007ff81072f000 	/usr/lib/libicucore.A.dylib
0x00007ff81cc40000 	/System/Library/Frameworks/AudioToolbox.framework/Versions/A/AudioToolbox
0x00007ff81bdab000 	/System/Library/PrivateFrameworks/DataDetectorsCore.framework/Versions/A/DataDetectorsCore
0x00007ff91559e000 	/System/Library/PrivateFrameworks/TextInput.framework/Versions/A/TextInput
0x00007ff8128de000 	/usr/lib/libMobileGestalt.dylib
0x00007ff817c3c000 	/System/Library/Frameworks/Carbon.framework/Versions/A/Frameworks/HIToolbox.framework/Versions/A/HIToolbox
0x00007ff815de3000 	/System/Library/Frameworks/QuartzCore.framework/Versions/A/QuartzCore
0x00007ff8103af000 	/System/Library/Frameworks/Security.framework/Versions/A/Security
0x00007ff8202be000 	/System/Library/Frameworks/Carbon.framework/Versions/A/Frameworks/SpeechRecognition.framework/Versions/A/SpeechRecognition
0x00007ff81617f000 	/System/Library/PrivateFrameworks/CoreUI.framework/Versions/A/CoreUI
0x00007ff80fcb4000 	/System/Library/Frameworks/CoreAudio.framework/Versions/A/CoreAudio
0x00007ff8151ba000 	/System/Library/Frameworks/DiskArbitration.framework/Versions/A/DiskArbitration
0x00007ff81b5bb000 	/System/Library/PrivateFrameworks/MultitouchSupport.framework/Versions/A/MultitouchSupport
0x00007ff8128dd000 	/usr/lib/libenergytrace.dylib
0x00007ff810d45000 	/System/Library/Frameworks/IOKit.framework/Versions/A/IOKit
0x00007ff8206b7000 	/System/Library/Frameworks/CoreServices.framework/Versions/A/CoreServices
0x00007ff8163d7000 	/System/Library/PrivateFrameworks/PerformanceAnalysis.framework/Versions/A/PerformanceAnalysis
0x00007ffa22dab000 	/System/Library/Frameworks/OpenGL.framework/Versions/A/OpenGL
0x00007ff81648a000 	/usr/lib/libxml2.2.dylib
0x00007ff81930a000 	/System/Library/PrivateFrameworks/MobileKeyBag.framework/Versions/A/MobileKeyBag
0x00007ff813573000 	/System/Library/Frameworks/ColorSync.framework/Versions/A/ColorSync
0x00007ff80ddc7000 	/System/Library/Frameworks/CoreFoundation.framework/Versions/A/CoreFoundation
0x00007ff8182e9000 	/System/Library/Frameworks/CoreImage.framework/Versions/A/CoreImage
0x00007ff80fac5000 	/System/Library/Frameworks/CoreText.framework/Versions/A/CoreText
0x00007ff817f88000 	/System/Library/Frameworks/ImageIO.framework/Versions/A/ImageIO
0x00007ff819e79000 	/System/Library/PrivateFrameworks/SoftLinking.framework/Versions/A/SoftLinking
0x00007ff81a0f8000 	/usr/lib/libcompression.dylib
0x00007ff81bcd2000 	/System/Library/PrivateFrameworks/TextureIO.framework/Versions/A/TextureIO
0x00007ff81a842000 	/usr/lib/libate.dylib
0x00007ff81a5d3000 	/usr/lib/liblzma.5.dylib
0x00007ff819e75000 	/usr/lib/libfakelink.dylib
0x00007ff812521000 	/System/Library/Frameworks/CFNetwork.framework/Versions/A/CFNetwork
0x00007ff819fb2000 	/usr/lib/libarchive.2.dylib
0x00007ff81e56f000 	/System/Library/Frameworks/Combine.framework/Versions/A/Combine
0x00007ff81c6b8000 	/usr/lib/swift/libswiftCore.dylib
0x00007ff912618000 	/usr/lib/swift/libswiftCoreFoundation.dylib
0x00007ff91061a000 	/usr/lib/swift/libswiftDarwin.dylib
0x00007ff821eda000 	/usr/lib/swift/libswiftDispatch.dylib
0x00007ff912634000 	/usr/lib/swift/libswiftIOKit.dylib
0x00007ff8242c8000 	/usr/lib/swift/libswiftObjectiveC.dylib
0x00007ff912629000 	/usr/lib/swift/libswiftXPC.dylib
0x00007ffb29426000 	/usr/lib/swift/libswift_Concurrency.dylib
0x00007ffb29565000 	/usr/lib/swift/libswift_StringProcessing.dylib
0x00007ff8242cc000 	/usr/lib/swift/libswiftos.dylib
0x00007ff810cca000 	/System/Library/PrivateFrameworks/CoreServicesInternal.framework/Versions/A/CoreServicesInternal
0x00007ff81941d000 	/usr/lib/libbsm.0.dylib
0x00007ff819e0d000 	/usr/lib/system/libkxld.dylib
0x00007ff81640b000 	/System/Library/Frameworks/CoreServices.framework/Versions/A/Frameworks/FSEvents.framework/Versions/A/FSEvents
0x00007ff8109ce000 	/System/Library/Frameworks/CoreServices.framework/Versions/A/Frameworks/CarbonCore.framework/Versions/A/CarbonCore
0x00007ff815123000 	/System/Library/Frameworks/CoreServices.framework/Versions/A/Frameworks/Metadata.framework/Versions/A/Metadata
0x00007ff819ad9000 	/System/Library/Frameworks/CoreServices.framework/Versions/A/Frameworks/OSServices.framework/Versions/A/OSServices
0x00007ff81a03a000 	/System/Library/Frameworks/CoreServices.framework/Versions/A/Frameworks/SearchKit.framework/Versions/A/SearchKit
0x00007ff814307000 	/System/Library/Frameworks/CoreServices.framework/Versions/A/Frameworks/AE.framework/Versions/A/AE
0x00007ff80e25f000 	/System/Library/Frameworks/CoreServices.framework/Versions/A/Frameworks/LaunchServices.framework/Versions/A/LaunchServices
0x00007ff81a584000 	/System/Library/Frameworks/CoreServices.framework/Versions/A/Frameworks/DictionaryServices.framework/Versions/A/DictionaryServices
0x00007ff816418000 	/System/Library/Frameworks/CoreServices.framework/Versions/A/Frameworks/SharedFileList.framework/Versions/A/SharedFileList
0x00007ff81a0c6000 	/usr/lib/libapple_nghttp2.dylib
0x00007ff81251d000 	/usr/lib/libnetwork.dylib
0x00007ff813f87000 	/usr/lib/libsqlite3.dylib
0x00007ff814388000 	/System/Library/Frameworks/Network.framework/Versions/A/Network
0x00007ffb28452000 	/usr/lib/libCoreEntitlements.dylib
0x00007ffb161a7000 	/System/Library/PrivateFrameworks/MessageSecurity.framework/Versions/A/MessageSecurity
0x00007ff813f6e000 	/System/Library/PrivateFrameworks/ProtocolBuffer.framework/Versions/A/ProtocolBuffer
0x00007ff819ab3000 	/System/Library/PrivateFrameworks/AppleFSCompression.framework/Versions/A/AppleFSCompression
0x00007ff819405000 	/usr/lib/libcoretls.dylib
0x00007ff81a5ed000 	/usr/lib/libcoretls_cfhelpers.dylib
0x00007ff81a0f3000 	/usr/lib/libpam.2.dylib
0x00007ff81a65a000 	/usr/lib/libxar.1.dylib
0x00007ff81abef000 	/usr/lib/libheimdal-asn1.dylib
0x00007ff819e7a000 	/usr/lib/libpcap.A.dylib
0x00007ff814377000 	/usr/lib/libdns_services.dylib
0x00007ff818703000 	/System/Library/PrivateFrameworks/AppleSystemInfo.framework/Versions/A/AppleSystemInfo
0x00007ff819114000 	/System/Library/PrivateFrameworks/IOMobileFramebuffer.framework/Versions/A/IOMobileFramebuffer
0x00007ff819ac3000 	/usr/lib/libbz2.1.0.dylib
0x00007ff8193f9000 	/usr/lib/libCheckFix.dylib
0x00007ff81294e000 	/System/Library/PrivateFrameworks/TCC.framework/Versions/A/TCC
0x00007ff818709000 	/System/Library/PrivateFrameworks/CoreNLP.framework/Versions/A/CoreNLP
0x00007ff8150e2000 	/System/Library/PrivateFrameworks/MetadataUtilities.framework/Versions/A/MetadataUtilities
0x00007ff81942d000 	/usr/lib/libmecab.dylib
0x00007ff80e8e3000 	/usr/lib/libCRFSuite.dylib
0x00007ff819487000 	/usr/lib/libgermantok.dylib
0x00007ff81a0a1000 	/usr/lib/libThaiTokenizer.dylib
0x00007ff8151c2000 	/System/Library/Frameworks/Accelerate.framework/Versions/A/Frameworks/vImage.framework/Versions/A/vImage
0x00007ff82068a000 	/System/Library/Frameworks/Accelerate.framework/Versions/A/Frameworks/vecLib.framework/Versions/A/vecLib
0x00007ff81a69c000 	/System/Library/Frameworks/Accelerate.framework/Versions/A/Frameworks/vecLib.framework/Versions/A/libvMisc.dylib
0x00007ff818f0f000 	/System/Library/Frameworks/Accelerate.framework/Versions/A/Frameworks/vecLib.framework/Versions/A/libvDSP.dylib
0x00007ff80e619000 	/System/Library/Frameworks/Accelerate.framework/Versions/A/Frameworks/vecLib.framework/Versions/A/libBLAS.dylib
0x00007ff81a1d7000 	/System/Library/Frameworks/Accelerate.framework/Versions/A/Frameworks/vecLib.framework/Versions/A/libLAPACK.dylib
0x00007ff81948a000 	/System/Library/Frameworks/Accelerate.framework/Versions/A/Frameworks/vecLib.framework/Versions/A/libLinearAlgebra.dylib
0x00007ff81a0de000 	/System/Library/Frameworks/Accelerate.framework/Versions/A/Frameworks/vecLib.framework/Versions/A/libSparseBLAS.dylib
0x00007ff81a1d1000 	/System/Library/Frameworks/Accelerate.framework/Versions/A/Frameworks/vecLib.framework/Versions/A/libQuadrature.dylib
0x00007ff8187f6000 	/System/Library/Frameworks/Accelerate.framework/Versions/A/Frameworks/vecLib.framework/Versions/A/libBNNS.dylib
0x00007ff80e7ed000 	/System/Library/Frameworks/Accelerate.framework/Versions/A/Frameworks/vecLib.framework/Versions/A/libSparse.dylib
0x00007ffb154e4000 	/System/Library/PrivateFrameworks/MIL.framework/Versions/A/MIL
0x00007ff819eaf000 	/usr/lib/libiconv.2.dylib
0x00007ff819e07000 	/usr/lib/libcharset.1.dylib
0x00007ff8163ef000 	/System/Library/Frameworks/OpenDirectory.framework/Versions/A/Frameworks/CFOpenDirectory.framework/Versions/A/CFOpenDirectory
0x00007ff8163e3000 	/System/Library/Frameworks/OpenDirectory.framework/Versions/A/OpenDirectory
0x00007ff81a5ef000 	/System/Library/PrivateFrameworks/APFS.framework/Versions/A/APFS
0x00007ff81933d000 	/System/Library/Frameworks/SecurityFoundation.framework/Versions/A/SecurityFoundation
0x00007ff81a668000 	/usr/lib/libutil.dylib
0x00007ffb146ea000 	/System/Library/PrivateFrameworks/InstalledContentLibrary.framework/Versions/A/InstalledContentLibrary
0x00007ff810d09000 	/System/Library/PrivateFrameworks/CoreServicesStore.framework/Versions/A/CoreServicesStore
0x00007ffa2b922000 	/System/Library/PrivateFrameworks/AppleMobileFileIntegrity.framework/Versions/A/AppleMobileFileIntegrity
0x00007ff9125f8000 	/usr/lib/libmis.dylib
0x00007ff920ac2000 	/System/Library/PrivateFrameworks/MobileSystemServices.framework/Versions/A/MobileSystemServices
0x00007ffa1a85d000 	/System/Library/PrivateFrameworks/ConfigProfileHelper.framework/Versions/A/ConfigProfileHelper
0x00007ff81a0a3000 	/System/Library/PrivateFrameworks/AppleSauce.framework/Versions/A/AppleSauce
0x00007ff80f58a000 	/System/Library/PrivateFrameworks/LanguageModeling.framework/Versions/A/LanguageModeling
0x00007ff81a66c000 	/usr/lib/libxslt.1.dylib
0x00007ff819fa1000 	/usr/lib/libcmph.dylib
0x00007ff819102000 	/System/Library/PrivateFrameworks/CoreEmoji.framework/Versions/A/CoreEmoji
0x00007ff8187f0000 	/System/Library/PrivateFrameworks/LinguisticData.framework/Versions/A/LinguisticData
0x00007ff80e7a3000 	/System/Library/PrivateFrameworks/Lexicon.framework/Versions/A/Lexicon
0x00007ff8193cb000 	/System/Library/PrivateFrameworks/BackgroundTaskManagement.framework/Versions/A/BackgroundTaskManagement
0x00007ffb28588000 	/usr/lib/libTLE.dylib
0x00007ffb294aa000 	/usr/lib/swift/libswift_RegexParser.dylib
0x00007ff81b485000 	/System/Library/PrivateFrameworks/AppleJPEG.framework/Versions/A/AppleJPEG
0x00007ff81abd4000 	/usr/lib/libexpat.1.dylib
0x00007ff81bb2f000 	/System/Library/Frameworks/ImageIO.framework/Versions/A/Resources/libPng.dylib
0x00007ff81bb5c000 	/System/Library/Frameworks/ImageIO.framework/Versions/A/Resources/libTIFF.dylib
0x00007ff81bc4c000 	/System/Library/Frameworks/ImageIO.framework/Versions/A/Resources/libGIF.dylib
0x00007ff81b4d0000 	/System/Library/Frameworks/ImageIO.framework/Versions/A/Resources/libJP2.dylib
0x00007ff81bbec000 	/System/Library/Frameworks/ImageIO.framework/Versions/A/Resources/libJPEG.dylib
0x00007ff81bbe3000 	/System/Library/Frameworks/ImageIO.framework/Versions/A/Resources/libRadiance.dylib
0x00007ff817ad2000 	/System/Library/PrivateFrameworks/FontServices.framework/libFontParser.dylib
0x00007ff8142ad000 	/System/Library/PrivateFrameworks/RunningBoardServices.framework/Versions/A/RunningBoardServices
0x00007ff8268a8000 	/System/Library/PrivateFrameworks/IOSurfaceAccelerator.framework/Versions/A/IOSurfaceAccelerator
0x00007ff81b5b7000 	/System/Library/PrivateFrameworks/WatchdogClient.framework/Versions/A/WatchdogClient
0x00007ff80f6ec000 	/System/Library/Frameworks/CoreDisplay.framework/Versions/A/CoreDisplay
0x00007ff8179c2000 	/System/Library/Frameworks/CoreMedia.framework/Versions/A/CoreMedia
0x00007ff8177c6000 	/System/Library/PrivateFrameworks/IOAccelerator.framework/Versions/A/IOAccelerator
0x00007ff816569000 	/System/Library/Frameworks/CoreVideo.framework/Versions/A/CoreVideo
0x00007ff81a0f1000 	/System/Library/Frameworks/MetalPerformanceShaders.framework/Versions/A/MetalPerformanceShaders
0x00007ff81b5f4000 	/System/Library/Frameworks/VideoToolbox.framework/Versions/A/VideoToolbox
0x00007ff8141f2000 	/System/Library/PrivateFrameworks/BaseBoard.framework/Versions/A/BaseBoard
0x00007ff81bbdc000 	/System/Library/PrivateFrameworks/GPUWrangler.framework/Versions/A/GPUWrangler
0x00007ff81bbc0000 	/System/Library/PrivateFrameworks/IOPresentment.framework/Versions/A/IOPresentment
0x00007ff81bbe6000 	/System/Library/PrivateFrameworks/DSExternalDisplay.framework/Versions/A/DSExternalDisplay
0x00007ffb10e03000 	/System/Library/PrivateFrameworks/GPUCompiler.framework/Versions/31001/Libraries/libllvm-flatbuffers.dylib
0x00007ffa22d9f000 	/System/Library/Frameworks/OpenGL.framework/Versions/A/Libraries/libCoreFSCache.dylib
0x00007ffb10dff000 	/System/Library/PrivateFrameworks/GPUCompiler.framework/Versions/31001/Libraries/libGPUCompilerUtils.dylib
0x00007ff81bc52000 	/System/Library/PrivateFrameworks/CMCaptureCore.framework/Versions/A/CMCaptureCore
0x00007ffa25f8b000 	/System/Library/Frameworks/ExtensionFoundation.framework/Versions/A/ExtensionFoundation
0x00007ff822653000 	/System/Library/PrivateFrameworks/CoreTime.framework/Versions/A/CoreTime
0x00007ff81b188000 	/System/Library/PrivateFrameworks/AppServerSupport.framework/Versions/A/AppServerSupport
0x00007ff81d505000 	/System/Library/PrivateFrameworks/perfdata.framework/Versions/A/perfdata
0x00007ff80f818000 	/System/Library/PrivateFrameworks/AudioToolboxCore.framework/Versions/A/AudioToolboxCore
0x00007ff81799c000 	/System/Library/PrivateFrameworks/caulk.framework/Versions/A/caulk
0x00007ff81cdd7000 	/usr/lib/libAudioStatistics.dylib
0x00007ff911a9d000 	/System/Library/PrivateFrameworks/SystemPolicy.framework/Versions/A/SystemPolicy
0x00007ff81d070000 	/usr/lib/libSMC.dylib
0x00007ff826117000 	/System/Library/Frameworks/CoreMIDI.framework/Versions/A/CoreMIDI
0x00007ff81bafd000 	/usr/lib/libAudioToolboxUtility.dylib
0x00007ff82b5de000 	/System/Library/PrivateFrameworks/OSAServicesClient.framework/Versions/A/OSAServicesClient
0x00007ff81d512000 	/usr/lib/libperfcheck.dylib
0x00007ff81aab8000 	/System/Library/PrivateFrameworks/PlugInKit.framework/Versions/A/PlugInKit
0x00007ff819330000 	/System/Library/PrivateFrameworks/AssertionServices.framework/Versions/A/AssertionServices
0x00007ffa22dfa000 	/System/Library/Frameworks/OpenGL.framework/Versions/A/Libraries/libGLU.dylib
0x00007ffa22dbe000 	/System/Library/Frameworks/OpenGL.framework/Versions/A/Libraries/libGFXShared.dylib
0x00007ffa22fc7000 	/System/Library/Frameworks/OpenGL.framework/Versions/A/Libraries/libGL.dylib
0x00007ffa22dc7000 	/System/Library/Frameworks/OpenGL.framework/Versions/A/Libraries/libGLImage.dylib
0x00007ffa22dbb000 	/System/Library/Frameworks/OpenGL.framework/Versions/A/Libraries/libCVMSPluginSupport.dylib
0x00007ffb28567000 	/usr/lib/libRosetta.dylib
0x00007ffa22da6000 	/System/Library/Frameworks/OpenGL.framework/Versions/A/Libraries/libCoreVMClient.dylib
0x00007ff818681000 	/System/Library/Frameworks/MetalPerformanceShaders.framework/Versions/A/Frameworks/MPSCore.framework/Versions/A/MPSCore
0x00007ff819a1d000 	/System/Library/Frameworks/MetalPerformanceShaders.framework/Versions/A/Frameworks/MPSImage.framework/Versions/A/MPSImage
0x00007ff8194a0000 	/System/Library/Frameworks/MetalPerformanceShaders.framework/Versions/A/Frameworks/MPSNeuralNetwork.framework/Versions/A/MPSNeuralNetwork
0x00007ff819913000 	/System/Library/Frameworks/MetalPerformanceShaders.framework/Versions/A/Frameworks/MPSMatrix.framework/Versions/A/MPSMatrix
0x00007ff8196ce000 	/System/Library/Frameworks/MetalPerformanceShaders.framework/Versions/A/Frameworks/MPSRayIntersector.framework/Versions/A/MPSRayIntersector
0x00007ff81994e000 	/System/Library/Frameworks/MetalPerformanceShaders.framework/Versions/A/Frameworks/MPSNDArray.framework/Versions/A/MPSNDArray
0x00007ffa272dc000 	/System/Library/Frameworks/MetalPerformanceShaders.framework/Versions/A/Frameworks/MPSFunctions.framework/Versions/A/MPSFunctions
0x00007ff80e4da000 	/System/Library/PrivateFrameworks/MetalTools.framework/Versions/A/MetalTools
0x00007ff818702000 	/System/Library/PrivateFrameworks/AggregateDictionary.framework/Versions/A/AggregateDictionary
0x00007ff81a972000 	/usr/lib/libIOReport.dylib
0x00007ffa23a8e000 	/System/Library/Frameworks/OpenCL.framework/Versions/A/OpenCL
0x00007ff81ad1a000 	/System/Library/PrivateFrameworks/GraphVisualizer.framework/Versions/A/GraphVisualizer
0x00007ffb10d04000 	/System/Library/PrivateFrameworks/FontServices.framework/Versions/A/FontServices
0x00007ff81b143000 	/System/Library/PrivateFrameworks/OTSVG.framework/Versions/A/OTSVG
0x00007ff816133000 	/System/Library/Frameworks/ApplicationServices.framework/Versions/A/Frameworks/ATS.framework/Versions/A/Resources/libFontRegistry.dylib
0x00007ff81b192000 	/System/Library/PrivateFrameworks/FontServices.framework/libhvf.dylib
0x00007ffb10d05000 	/System/Library/PrivateFrameworks/FontServices.framework/libXTFontStaticRegistryData.dylib
0x00007ffb21b86000 	/System/Library/PrivateFrameworks/VideoToolboxParavirtualizationSupport.framework/Versions/A/VideoToolboxParavirtualizationSupport
0x00007ff81ab84000 	/System/Library/PrivateFrameworks/AppleVA.framework/Versions/A/AppleVA
0x00007ff81ce13000 	/System/Library/Frameworks/ApplicationServices.framework/Versions/A/Frameworks/ATS.framework/Versions/A/ATS
0x00007ff813663000 	/System/Library/Frameworks/ApplicationServices.framework/Versions/A/Frameworks/HIServices.framework/Versions/A/HIServices
0x00007ff81bc5e000 	/System/Library/Frameworks/ApplicationServices.framework/Versions/A/Frameworks/PrintCore.framework/Versions/A/PrintCore
0x00007ff81d1c5000 	/System/Library/Frameworks/ApplicationServices.framework/Versions/A/Frameworks/QD.framework/Versions/A/QD
0x00007ff81d1bd000 	/System/Library/Frameworks/ApplicationServices.framework/Versions/A/Frameworks/ColorSyncLegacy.framework/Versions/A/ColorSyncLegacy
0x00007ff81cdeb000 	/System/Library/Frameworks/ApplicationServices.framework/Versions/A/Frameworks/SpeechSynthesis.framework/Versions/A/SpeechSynthesis
0x00007ff81bc1c000 	/System/Library/Frameworks/ApplicationServices.framework/Versions/A/Frameworks/ATSUI.framework/Versions/A/ATSUI
0x00007ff81d150000 	/usr/lib/libcups.2.dylib
0x00007ff81d521000 	/System/Library/Frameworks/Kerberos.framework/Versions/A/Kerberos
0x00007ff81d530000 	/System/Library/Frameworks/GSS.framework/Versions/A/GSS
0x00007ff81ce81000 	/usr/lib/libresolv.9.dylib
0x00007ff81b1a3000 	/System/Library/PrivateFrameworks/Heimdal.framework/Versions/A/Heimdal
0x00007ff82424c000 	/System/Library/Frameworks/Kerberos.framework/Versions/A/Libraries/libHeimdalProxy.dylib
0x00007ff81d57b000 	/System/Library/PrivateFrameworks/CommonAuth.framework/Versions/A/CommonAuth
0x00007ffa2526b000 	/System/Library/Frameworks/AVFAudio.framework/Versions/A/AVFAudio
0x00007ff82b627000 	/System/Library/PrivateFrameworks/AXCoreUtilities.framework/Versions/A/AXCoreUtilities
0x00007ff81cd67000 	/System/Library/PrivateFrameworks/AudioSession.framework/Versions/A/AudioSession
0x00007ff81e348000 	/System/Library/Frameworks/IOBluetooth.framework/Versions/A/IOBluetooth
0x00007ff81ac8a000 	/System/Library/PrivateFrameworks/MediaExperience.framework/Versions/A/MediaExperience
0x00007ff81cc0f000 	/System/Library/PrivateFrameworks/AudioSession.framework/libSessionUtility.dylib
0x00007ff81d1d1000 	/System/Library/PrivateFrameworks/AudioResourceArbitration.framework/Versions/A/AudioResourceArbitration
0x00007ff821297000 	/System/Library/PrivateFrameworks/PowerLog.framework/Versions/A/PowerLog
0x00007ff8211d9000 	/System/Library/Frameworks/CoreBluetooth.framework/Versions/A/CoreBluetooth
0x00007ff82424d000 	/System/Library/Frameworks/AudioUnit.framework/Versions/A/AudioUnit
0x00007ff81919b000 	/System/Library/PrivateFrameworks/CoreUtils.framework/Versions/A/CoreUtils
0x00007ffb0f8d9000 	/System/Library/PrivateFrameworks/CoreUtilsExtras.framework/Versions/A/CoreUtilsExtras
0x00007ffb14581000 	/System/Library/PrivateFrameworks/IO80211.framework/Versions/A/IO80211
0x00007ff81abf8000 	/System/Library/PrivateFrameworks/IconFoundation.framework/Versions/A/IconFoundation
0x00007ff8202ae000 	/System/Library/PrivateFrameworks/SpeechRecognitionCore.framework/Versions/A/SpeechRecognitionCore
0x0000000109bbf000 	/Applications/Eclipse.app/Contents/Eclipse/plugins/org.eclipse.justj.openjdk.hotspot.jre.full.macosx.x86_64_17.0.4.v20220903-1038/jre/lib/server/libjvm.dylib
0x0000000108a95000 	/Applications/Eclipse.app/Contents/Eclipse/plugins/org.eclipse.justj.openjdk.hotspot.jre.full.macosx.x86_64_17.0.4.v20220903-1038/jre/lib/libjimage.dylib
0x0000000108b1b000 	/Applications/Eclipse.app/Contents/Eclipse/plugins/org.eclipse.justj.openjdk.hotspot.jre.full.macosx.x86_64_17.0.4.v20220903-1038/jre/lib/libjava.dylib
0x00000001099f6000 	/Applications/Eclipse.app/Contents/Eclipse/plugins/org.eclipse.justj.openjdk.hotspot.jre.full.macosx.x86_64_17.0.4.v20220903-1038/jre/lib/libzip.dylib
0x0000000109b66000 	/Applications/Eclipse.app/Contents/Eclipse/plugins/org.eclipse.justj.openjdk.hotspot.jre.full.macosx.x86_64_17.0.4.v20220903-1038/jre/lib/libnio.dylib
0x0000000124caa000 	/Applications/Eclipse.app/Contents/Eclipse/plugins/org.eclipse.justj.openjdk.hotspot.jre.full.macosx.x86_64_17.0.4.v20220903-1038/jre/lib/libnet.dylib
0x0000000124e84000 	/Applications/Eclipse.app/Contents/Eclipse/plugins/org.eclipse.justj.openjdk.hotspot.jre.full.macosx.x86_64_17.0.4.v20220903-1038/jre/lib/libverify.dylib
0x0000000127514000 	/Users/lesley/.javacpp/cache/javacpp-1.5.7-macosx-x86_64.jar/org/bytedeco/javacpp/macosx-x86_64/libjnijavacpp.dylib
0x0000000127595000 	/Users/lesley/.javacpp/cache/jfasttext-0.4.jar/com/github/jfasttext/macosx-x86_64/libjniFastTextWrapper.dylib
0x00007ffa26541000 	/System/Library/Frameworks/JavaVM.framework/Versions/A/JavaVM


VM Arguments:
jvm_args: -Dfile.encoding=UTF-8 -XX:+ShowCodeDetailsInExceptionMessages 
java_command: edu.ustb.sei.mde.compare.test.TestFastText
java_class_path (initial): /Users/lesley/git/nmc-with-diff/edu.ustb.sei.mde.compare/target/classes:/Applications/Eclipse.app/Contents/Eclipse/plugins/org.osgi.annotation.versioning_1.1.2.202109301733.jar:/Applications/Eclipse.app/Contents/Eclipse/plugins/org.osgi.annotation.bundle_2.0.0.202202082230.jar:/Applications/Eclipse.app/Contents/Eclipse/plugins/org.osgi.service.component.annotations_1.5.0.202109301733.jar:/Applications/Eclipse.app/Contents/Eclipse/plugins/org.eclipse.emf.ecore_2.28.0.v20220817-1401.jar:/Applications/Eclipse.app/Contents/Eclipse/plugins/org.eclipse.emf.common_2.26.0.v20220817-1401.jar:/Applications/Eclipse.app/Contents/Eclipse/plugins/org.eclipse.emf.ecore.xmi_2.17.0.v20220817-1334.jar:/Applications/Eclipse.app/Contents/Eclipse/plugins/org.eclipse.core.runtime_3.26.0.v20220813-0916.jar:/Applications/Eclipse.app/Contents/Eclipse/plugins/org.eclipse.osgi_3.18.100.v20220817-1601.jar:/Applications/Eclipse.app/Contents/Eclipse/plugins/org.eclipse.osgi.compatibility.state_1.2.700.v20220722-0431.jar:/Applications/Eclipse.app/Contents/Eclipse/plugins/org.eclipse.equinox.common_3.16.200.v20220817-1601.jar:/Applications/Eclipse.app/Contents/Eclipse/plugins/org.eclipse.core.jobs_3.13.100.v20220817-1539.jar:/Applications/Eclipse.app/Contents/Eclipse/plugins/org.eclipse.equinox.registry_3.11.200.v20220817-1601.jar:/Applications/Eclipse.app/Contents/Eclipse/plugins/org.eclipse.equinox.preferences_3.10.100.v20220710-1223.jar:/Applications/Eclipse.app/Contents/Eclipse/plugins/org.osgi.service.prefs_1.1.2.202109301733.jar:/Applications/Eclipse.app/Contents/Eclipse/plugins/org.eclipse.core.contenttype_3.8.200.v20220817-1539.jar:/Applications/Eclipse.app/Contents/Eclipse/plugins/org.eclipse.equinox.app_1.6.200.v20220720-2012.jar:/Applications/Eclipse.app/Contents/Eclipse/plugins/org.junit_4.13.2.v20211018-1956.jar:/Applications/Eclipse.app/Contents/Eclipse/plugins/org.hamcrest.core_1.3.0.v20180420-1519.jar:/Applications/Eclipse.app/Contents/Eclipse/plugins/j
Launcher Type: SUN_STANDARD

[Global flags]
     intx CICompilerCount                          = 4                                         {product} {ergonomic}
     uint ConcGCThreads                            = 2                                         {product} {ergonomic}
     uint G1ConcRefinementThreads                  = 8                                         {product} {ergonomic}
   size_t G1HeapRegionSize                         = 1048576                                   {product} {ergonomic}
    uintx GCDrainStackTargetSize                   = 64                                        {product} {ergonomic}
   size_t InitialHeapSize                          = 134217728                                 {product} {ergonomic}
   size_t MarkStackSize                            = 4194304                                   {product} {ergonomic}
   size_t MaxHeapSize                              = 2147483648                                {product} {ergonomic}
   size_t MaxNewSize                               = 1287651328                                {product} {ergonomic}
   size_t MinHeapDeltaBytes                        = 1048576                                   {product} {ergonomic}
   size_t MinHeapSize                              = 8388608                                   {product} {ergonomic}
    uintx NonNMethodCodeHeapSize                   = 5839372                                {pd product} {ergonomic}
    uintx NonProfiledCodeHeapSize                  = 122909434                              {pd product} {ergonomic}
    uintx ProfiledCodeHeapSize                     = 122909434                              {pd product} {ergonomic}
    uintx ReservedCodeCacheSize                    = 251658240                              {pd product} {ergonomic}
     bool SegmentedCodeCache                       = true                                      {product} {ergonomic}
     bool ShowCodeDetailsInExceptionMessages       = true                                   {manageable} {command line}
   size_t SoftMaxHeapSize                          = 2147483648                             {manageable} {ergonomic}
     bool UseCompressedClassPointers               = true                           {product lp64_product} {ergonomic}
     bool UseCompressedOops                        = true                           {product lp64_product} {ergonomic}
     bool UseG1GC                                  = true                                      {product} {ergonomic}
     bool UseNUMA                                  = false                                     {product} {ergonomic}
     bool UseNUMAInterleaving                      = false                                     {product} {ergonomic}

Logging:
Log output configuration:
 #0: stdout all=warning uptime,level,tags
 #1: stderr all=off uptime,level,tags

Environment Variables:
PATH=/usr/bin:/bin:/usr/sbin:/sbin
SHELL=/bin/zsh
TMPDIR=/var/folders/wb/p_s7dh0s0ns1dcmq_tz6bjlr0000gn/T/

Signal Handlers:
   SIGSEGV: crash_handler in libjvm.dylib, mask=11100110100111111111111111111111, flags=SA_RESTART|SA_SIGINFO
    SIGBUS: crash_handler in libjvm.dylib, mask=11100110100111111111111111111111, flags=SA_RESTART|SA_SIGINFO
    SIGFPE: crash_handler in libjvm.dylib, mask=11100110100111111111111111111111, flags=SA_RESTART|SA_SIGINFO
   SIGPIPE: javaSignalHandler in libjvm.dylib, mask=11100110100111111111111111111111, flags=SA_RESTART|SA_SIGINFO
   SIGXFSZ: javaSignalHandler in libjvm.dylib, mask=11100110100111111111111111111111, flags=SA_RESTART|SA_SIGINFO
    SIGILL: crash_handler in libjvm.dylib, mask=11100110100111111111111111111111, flags=SA_RESTART|SA_SIGINFO
   SIGUSR2: SR_handler in libjvm.dylib, mask=00100000000000000000000000000000, flags=SA_RESTART|SA_SIGINFO
    SIGHUP: UserHandler in libjvm.dylib, mask=11100110100111111111111111111111, flags=SA_RESTART|SA_SIGINFO
    SIGINT: UserHandler in libjvm.dylib, mask=11100110100111111111111111111111, flags=SA_RESTART|SA_SIGINFO
   SIGTERM: UserHandler in libjvm.dylib, mask=11100110100111111111111111111111, flags=SA_RESTART|SA_SIGINFO
   SIGQUIT: UserHandler in libjvm.dylib, mask=11100110100111111111111111111111, flags=SA_RESTART|SA_SIGINFO
  *** Handler was modified!
  *** Expected: javaSignalHandler in libjvm.dylib, mask=11100110100111111111111111111111, flags=SA_RESTART|SA_SIGINFO
   SIGTRAP: crash_handler in libjvm.dylib, mask=11100110100111111111111111111111, flags=SA_RESTART|SA_SIGINFO


---------------  S Y S T E M  ---------------

OS:
uname: Darwin 22.1.0 Darwin Kernel Version 22.1.0: Sun Oct  9 20:15:52 PDT 2022; root:xnu-8792.41.9~2/RELEASE_ARM64_T8112 x86_64
OS uptime: 0 days 11:56 hours
rlimit (soft/hard): STACK 8176k/65520k , CORE 0k/infinity , NPROC 1333/2000 , NOFILE 10240/infinity , AS infinity/infinity , CPU infinity/infinity , DATA infinity/infinity , FSIZE infinity/infinity , MEMLOCK infinity/infinity , RSS infinity/infinity
load average: 1.78 1.74 1.71

CPU: (EMULATED) total 8 (initial active 8) (1 cores per cpu, 1 threads per core) family 6 model 44 stepping 0 microcode 0x0, cx8, cmov, fxsr, mmx, sse, sse2, sse3, ssse3, sse4.1, sse4.2, popcnt, tsc, tscinvbit, aes, clmul, clflush

Memory: 4k page, physical 8388608k(246028k free), swap 2097152k(1427520k free)

vm_info: OpenJDK 64-Bit Server VM (17.0.4.1+1) for bsd-amd64 JRE (17.0.4.1+1), built on Aug 17 2022 13:35:43 by "temurin" with clang 4.2.1 Compatible Apple LLVM 10.0.1 (clang-1001.0.46.4)

END.
